Build started 9/30/2013 10:57:38 PM.
     1>Project "C:\Users\RainbowDash\Downloads\Microsoft.SkypeApp_kzf8qxf38zg5c!App\GSP420_Graphics_DE (2)\GSP420_Graphics_DE\GSP420_Graphics_DE\GSP420_Graphics_DE.vcxproj" on node 2 (build target(s)).
     1>InitializeBuildStatus:
         Creating "Debug\GSP420_Graphics_DE.unsuccessfulbuild" because "AlwaysCreate" was specified.
       ClCompile:
         C:\Program Files (x86)\Microsoft Visual Studio 10.0\VC\bin\CL.exe /c /ZI /nologo /W3 /WX- /Od /Oy- /D WIN32 /D _DEBUG /D _WINDOWS /Gm /EHsc /RTC1 /MDd /GS /fp:precise /Zc:wchar_t /Zc:forScope /Fo"Debug\\" /Fd"Debug\vc100.pdb" /Gd /TP /analyze- /errorReport:prompt main.cpp
         main.cpp
       ManifestResourceCompile:
         All outputs are up-to-date.
       Link:
         C:\Program Files (x86)\Microsoft Visual Studio 10.0\VC\bin\link.exe /ERRORREPORT:PROMPT /OUT:"C:\Users\RainbowDash\Downloads\Microsoft.SkypeApp_kzf8qxf38zg5c!App\GSP420_Graphics_DE (2)\GSP420_Graphics_DE\Debug\GSP420_Graphics_DE.exe" /INCREMENTAL /NOLOGO /LIBPATH:"C:\Program Files (x86)\Microsoft DirectX SDK (June 2010)\Lib\x86" d3d9.lib d3dx9.lib dxerr.lib dxguid.lib dsound.lib kernel32.lib user32.lib gdi32.lib winspool.lib comdlg32.lib advapi32.lib shell32.lib ole32.lib oleaut32.lib uuid.lib odbc32.lib odbccp32.lib kernel32.lib user32.lib gdi32.lib winspool.lib comdlg32.lib advapi32.lib shell32.lib ole32.lib oleaut32.lib uuid.lib odbc32.lib odbccp32.lib /MANIFEST /ManifestFile:"Debug\GSP420_Graphics_DE.exe.intermediate.manifest" /MANIFESTUAC:"level='asInvoker' uiAccess='false'" /DEBUG /PDB:"C:\Users\RainbowDash\Downloads\Microsoft.SkypeApp_kzf8qxf38zg5c!App\GSP420_Graphics_DE (2)\GSP420_Graphics_DE\Debug\GSP420_Graphics_DE.pdb" /SUBSYSTEM:WINDOWS /TLBID:1 /DYNAMICBASE /NXCOMPAT /IMPLIB:"C:\Users\RainbowDash\Downloads\Microsoft.SkypeApp_kzf8qxf38zg5c!App\GSP420_Graphics_DE (2)\GSP420_Graphics_DE\Debug\GSP420_Graphics_DE.lib" /MACHINE:X86 Debug\GSP420_Graphics_DE.exe.embed.manifest.res
         Debug\Camera.obj
         Debug\Graphics.obj
         Debug\main.obj
         Debug\Material.obj
         Debug\Meshes.obj
         Debug\Text.obj
       Manifest:
         C:\Program Files (x86)\Microsoft SDKs\Windows\v7.0A\bin\mt.exe /nologo /verbose /out:"Debug\GSP420_Graphics_DE.exe.embed.manifest" /manifest Debug\GSP420_Graphics_DE.exe.intermediate.manifest
         All outputs are up-to-date.
       LinkEmbedManifest:
         All outputs are up-to-date.
         GSP420_Graphics_DE.vcxproj -> C:\Users\RainbowDash\Downloads\Microsoft.SkypeApp_kzf8qxf38zg5c!App\GSP420_Graphics_DE (2)\GSP420_Graphics_DE\Debug\GSP420_Graphics_DE.exe
       FinalizeBuildStatus:
         Deleting file "Debug\GSP420_Graphics_DE.unsuccessfulbuild".
         Touching "Debug\GSP420_Graphics_DE.lastbuildstate".
     1>Done Building Project "C:\Users\RainbowDash\Downloads\Microsoft.SkypeApp_kzf8qxf38zg5c!App\GSP420_Graphics_DE (2)\GSP420_Graphics_DE\GSP420_Graphics_DE\GSP420_Graphics_DE.vcxproj" (build target(s)).

Build succeeded.

Time Elapsed 00:00:03.18
