C:\USERS\ANDREW\DOCUMENTS\VISUAL STUDIO 2010\PROJECTS\GSP420_GRAPHICS_DE\DEBUG\GSP420_GRAPHICS_DE.EXE
C:\USERS\ANDREW\DOCUMENTS\VISUAL STUDIO 2010\PROJECTS\GSP420_GRAPHICS_DE\DEBUG\GSP420_GRAPHICS_DE.ILK
C:\USERS\ANDREW\DOCUMENTS\VISUAL STUDIO 2010\PROJECTS\GSP420_GRAPHICS_DE\DEBUG\GSP420_GRAPHICS_DE.PDB
C:\USERS\ANDREW\DOCUMENTS\VISUAL STUDIO 2010\PROJECTS\GSP420_GRAPHICS_DE\GSP420_GRAPHICS_DE\DEBUG\CAMERA.OBJ
c:\Users\Andrew\documents\visual studio 2010\Projects\GSP420_Graphics_DE\GSP420_Graphics_DE\Debug\cl.command.1.tlog
c:\Users\Andrew\documents\visual studio 2010\Projects\GSP420_Graphics_DE\GSP420_Graphics_DE\Debug\CL.read.1.tlog
c:\Users\Andrew\documents\visual studio 2010\Projects\GSP420_Graphics_DE\GSP420_Graphics_DE\Debug\CL.write.1.tlog
C:\USERS\ANDREW\DOCUMENTS\VISUAL STUDIO 2010\PROJECTS\GSP420_GRAPHICS_DE\GSP420_GRAPHICS_DE\DEBUG\GRAPHICS.OBJ
C:\USERS\ANDREW\DOCUMENTS\VISUAL STUDIO 2010\PROJECTS\GSP420_GRAPHICS_DE\GSP420_GRAPHICS_DE\DEBUG\GSP420_GRAPHICS_DE.EXE.EMBED.MANIFEST
C:\USERS\ANDREW\DOCUMENTS\VISUAL STUDIO 2010\PROJECTS\GSP420_GRAPHICS_DE\GSP420_GRAPHICS_DE\DEBUG\GSP420_GRAPHICS_DE.EXE.EMBED.MANIFEST.RES
C:\USERS\ANDREW\DOCUMENTS\VISUAL STUDIO 2010\PROJECTS\GSP420_GRAPHICS_DE\GSP420_GRAPHICS_DE\DEBUG\GSP420_GRAPHICS_DE.EXE.INTERMEDIATE.MANIFEST
c:\Users\Andrew\documents\visual studio 2010\Projects\GSP420_Graphics_DE\GSP420_Graphics_DE\Debug\GSP420_Graphics_DE_manifest.rc
c:\Users\Andrew\documents\visual studio 2010\Projects\GSP420_Graphics_DE\GSP420_Graphics_DE\Debug\link.5668.read.1.tlog
c:\Users\Andrew\documents\visual studio 2010\Projects\GSP420_Graphics_DE\GSP420_Graphics_DE\Debug\link.5668.write.1.tlog
c:\Users\Andrew\documents\visual studio 2010\Projects\GSP420_Graphics_DE\GSP420_Graphics_DE\Debug\link.5668-cvtres.read.1.tlog
c:\Users\Andrew\documents\visual studio 2010\Projects\GSP420_Graphics_DE\GSP420_Graphics_DE\Debug\link.5668-cvtres.write.1.tlog
c:\Users\Andrew\documents\visual studio 2010\Projects\GSP420_Graphics_DE\GSP420_Graphics_DE\Debug\link.command.1.tlog
c:\Users\Andrew\documents\visual studio 2010\Projects\GSP420_Graphics_DE\GSP420_Graphics_DE\Debug\link.read.1.tlog
c:\Users\Andrew\documents\visual studio 2010\Projects\GSP420_Graphics_DE\GSP420_Graphics_DE\Debug\link.write.1.tlog
c:\Users\Andrew\documents\visual studio 2010\Projects\GSP420_Graphics_DE\GSP420_Graphics_DE\Debug\link-cvtres.read.1.tlog
c:\Users\Andrew\documents\visual studio 2010\Projects\GSP420_Graphics_DE\GSP420_Graphics_DE\Debug\link-cvtres.write.1.tlog
C:\USERS\ANDREW\DOCUMENTS\VISUAL STUDIO 2010\PROJECTS\GSP420_GRAPHICS_DE\GSP420_GRAPHICS_DE\DEBUG\MAIN.OBJ
C:\USERS\ANDREW\DOCUMENTS\VISUAL STUDIO 2010\PROJECTS\GSP420_GRAPHICS_DE\GSP420_GRAPHICS_DE\DEBUG\MATERIAL.OBJ
C:\USERS\ANDREW\DOCUMENTS\VISUAL STUDIO 2010\PROJECTS\GSP420_GRAPHICS_DE\GSP420_GRAPHICS_DE\DEBUG\MESHES.OBJ
c:\Users\Andrew\documents\visual studio 2010\Projects\GSP420_Graphics_DE\GSP420_Graphics_DE\Debug\mt.command.1.tlog
c:\Users\Andrew\documents\visual studio 2010\Projects\GSP420_Graphics_DE\GSP420_Graphics_DE\Debug\mt.read.1.tlog
c:\Users\Andrew\documents\visual studio 2010\Projects\GSP420_Graphics_DE\GSP420_Graphics_DE\Debug\mt.write.1.tlog
c:\Users\Andrew\documents\visual studio 2010\Projects\GSP420_Graphics_DE\GSP420_Graphics_DE\Debug\rc.command.1.tlog
c:\Users\Andrew\documents\visual studio 2010\Projects\GSP420_Graphics_DE\GSP420_Graphics_DE\Debug\rc.read.1.tlog
c:\Users\Andrew\documents\visual studio 2010\Projects\GSP420_Graphics_DE\GSP420_Graphics_DE\Debug\rc.write.1.tlog
c:\Users\Andrew\documents\visual studio 2010\Projects\GSP420_Graphics_DE\GSP420_Graphics_DE\Debug\vc100.idb
C:\USERS\ANDREW\DOCUMENTS\VISUAL STUDIO 2010\PROJECTS\GSP420_GRAPHICS_DE\GSP420_GRAPHICS_DE\DEBUG\VC100.PDB
